[debug] [2025-05-23T08:40:31.067Z] ----------------------------------------------------------------------
[debug] [2025-05-23T08:40:31.069Z] Command:       /Users/roger/.asdf/installs/nodejs/v20.18.1/bin/node /Users/roger/.asdf/installs/nodejs/v20.18.1/bin/firebase login
[debug] [2025-05-23T08:40:31.069Z] CLI Version:   14.4.0
[debug] [2025-05-23T08:40:31.069Z] Platform:      darwin
[debug] [2025-05-23T08:40:31.069Z] Node Version:  v20.18.1
[debug] [2025-05-23T08:40:31.069Z] Time:          Fri May 23 2025 16:40:31 GMT+0800 (Malaysia Time)
[debug] [2025-05-23T08:40:31.069Z] ----------------------------------------------------------------------
[debug] 
[debug] [2025-05-23T08:40:31.070Z] >>> [apiv2][query] GET https://firebase-public.firebaseio.com/cli.json [none]
[info] i  Firebase optionally collects CLI and Emulator Suite usage and error reporting information to help improve our products. Data is collected in accordance with Google's privacy policy (https://policies.google.com/privacy) and is not used to identify you.
 
[debug] [2025-05-23T08:40:31.708Z] <<< [apiv2][status] GET https://firebase-public.firebaseio.com/cli.json 200
[debug] [2025-05-23T08:40:31.709Z] <<< [apiv2][body] GET https://firebase-public.firebaseio.com/cli.json {"cloudBuildErrorAfter":1594252800000,"cloudBuildWarnAfter":1590019200000,"defaultNode10After":1594252800000,"minVersion":"3.0.5","node8DeploysDisabledAfter":1613390400000,"node8RuntimeDisabledAfter":1615809600000,"node8WarnAfter":1600128000000}
[debug] [2025-05-23T10:12:10.145Z] ExitPromptError: User force closed the prompt with SIGINT
    at Interface.sigint (/Users/roger/.asdf/installs/nodejs/v20.18.1/lib/node_modules/firebase-tools/node_modules/@inquirer/core/dist/commonjs/lib/create-prompt.js:100:37)
    at Interface.emit (node:events:518:28)
    at Interface.emit (node:domain:489:12)
    at [_ttyWrite] [as _ttyWrite] (node:internal/readline/interface:1125:18)
    at ReadStream.onkeypress (node:internal/readline/interface:264:20)
    at ReadStream.emit (node:events:530:35)
    at ReadStream.emit (node:domain:489:12)
    at emitKeys (node:internal/readline/utils:371:14)
    at emitKeys.next (<anonymous>)
    at ReadStream.onData (node:internal/readline/emitKeypressEvents:64:36)
[error] 
[error] Error: An unexpected error has occurred.
